<?xml version="1.0" encoding="UTF-8"?>
<!-- Generated by org.testng.reporters.JUnitXMLReporter -->
<testsuite ignored="0" hostname="DESKTOP-JFCTA9I" failures="1" tests="2" name="Create Order Test" time="0.03" errors="0" timestamp="26 Mar 2023 10:53:44 GMT">
  <testcase classname="com.w2a.APITestingFramework.setUp.BaseTest" name="@BeforeSuite setUp" time="0.096">
    <failure type="java.lang.NoClassDefFoundError" message="Could not initialize class org.codehaus.groovy.reflection.ReflectionCache">
      <![CDATA[java.lang.NoClassDefFoundError: Could not initialize class org.codehaus.groovy.reflection.ReflectionCache
at org.codehaus.groovy.runtime.dgmimpl.NumberNumberMetaMethod.<clinit>(NumberNumberMetaMethod.java:33)
at org.codehaus.groovy.runtime.metaclass.MetaClassRegistryImpl.createMetaMethodFromClass(MetaClassRegistryImpl.java:258)
at org.codehaus.groovy.runtime.metaclass.MetaClassRegistryImpl.<init>(MetaClassRegistryImpl.java:111)
at org.codehaus.groovy.runtime.metaclass.MetaClassRegistryImpl.<init>(MetaClassRegistryImpl.java:86)
at groovy.lang.GroovySystem.<clinit>(GroovySystem.java:36)
at org.codehaus.groovy.runtime.InvokerHelper.<clinit>(InvokerHelper.java:86)
at org.codehaus.groovy.runtime.ScriptBytecodeAdapter.createMap(ScriptBytecodeAdapter.java:635)
at io.restassured.internal.ResponseParserRegistrar.<init>(ResponseParserRegistrar.groovy)
at io.restassured.RestAssured.<clinit>(RestAssured.java:346)
at com.w2a.APITestingFramework.setUp.BaseTest.setUp(BaseTest.java:41)
... Removed 25 stack frames]]>
    </failure>
  </testcase> <!-- @BeforeSuite setUp -->
  <testcase classname="com.w2a.APITestingFramework.testcases.paypal.CreateOrderTest" name="createOrder" time="0.0">
    <skipped/>
  </testcase> <!-- createOrder -->
  <testcase classname="com.w2a.APITestingFramework.testcases.paypal.CreateOrderTest" name="createOrder" time="0.018">
    <failure type="java.lang.NullPointerException" message="Cannot invoke &amp;quot;com.aventstack.extentreports.ExtentTest.skip(com.aventstack.extentreports.markuputils.Markup)&amp;quot; because the return value of &amp;quot;java.lang.ThreadLocal.get()&amp;quot; is null">
      <![CDATA[java.lang.NullPointerException: Cannot invoke "com.aventstack.extentreports.ExtentTest.skip(com.aventstack.extentreports.markuputils.Markup)" because the return value of "java.lang.ThreadLocal.get()" is null
at com.w2a.APITestingFramework.listeners.ExtentListeners.onTestSkipped(ExtentListeners.java:81)
... Removed 23 stack frames]]>
    </failure>
  </testcase> <!-- createOrder -->
</testsuite> <!-- Create Order Test -->
